This file contains any messages produced by compilers while
running configure, to aid debugging if configure makes a mistake.

It was created by CSEditing configure 2.1, which was
generated by GNU Autoconf 2.68.  Invocation command line was

  $ ./configure 

## --------- ##
## Platform. ##
## --------- ##

hostname = Soumitra-PC
uname -m = x86_64
uname -r = 3.8.0-35-generic
uname -s = Linux
uname -v = #50-Ubuntu SMP Tue Dec 3 01:24:59 UTC 2013

/usr/bin/uname -p = unknown
/bin/uname -X     = unknown

/bin/arch              = unknown
/usr/bin/arch -k       = unknown
/usr/convex/getsysinfo = unknown
/usr/bin/hostinfo      = unknown
/bin/machine           = unknown
/usr/bin/oslevel       = unknown
/bin/universe          = unknown

PATH: /usr/lib/lightdm/lightdm
PATH: /usr/local/sbin
PATH: /usr/local/bin
PATH: /usr/sbin
PATH: /usr/bin
PATH: /sbin
PATH: /bin
PATH: /usr/games
PATH: /usr/local/games


## ----------- ##
## Core tests. ##
## ----------- ##

configure:2224: checking build system type
configure:2238: result: x86_64-unknown-linux-gnu
configure:2258: checking host system type
configure:2271: result: x86_64-unknown-linux-gnu
configure:2392: checking for gcc
configure:2408: found /usr/bin/gcc
configure:2419: result: gcc
configure:2648: checking for C compiler version
configure:2657: gcc --version >&5
gcc (Ubuntu/Linaro 4.7.3-1ubuntu1) 4.7.3
Copyright (C) 2012 Free Software Foundation, Inc.
This is free software; see the source for copying conditions.  There is NO
warranty; not even for MERCHANTABILITY or FITNESS FOR A PARTICULAR PURPOSE.

configure:2668: $? = 0
configure:2657: gcc -v >&5
Using built-in specs.
COLLECT_GCC=gcc
COLLECT_LTO_WRAPPER=/usr/lib/gcc/x86_64-linux-gnu/4.7/lto-wrapper
Target: x86_64-linux-gnu
Configured with: ../src/configure -v --with-pkgversion='Ubuntu/Linaro 4.7.3-1ubuntu1' --with-bugurl=file:///usr/share/doc/gcc-4.7/README.Bugs --enable-languages=c,c++,go,fortran,objc,obj-c++ --prefix=/usr --program-suffix=-4.7 --enable-shared --enable-linker-build-id --libexecdir=/usr/lib --without-included-gettext --enable-threads=posix --with-gxx-include-dir=/usr/include/c++/4.7 --libdir=/usr/lib --enable-nls --with-sysroot=/ --enable-clocale=gnu --enable-libstdcxx-debug --enable-libstdcxx-time=yes --enable-gnu-unique-object --enable-plugin --with-system-zlib --enable-objc-gc --with-cloog --enable-cloog-backend=ppl --disable-cloog-version-check --disable-ppl-version-check --enable-multiarch --disable-werror --with-arch-32=i686 --with-abi=m64 --with-multilib-list=m32,m64,mx32 --with-tune=generic --enable-checking=release --build=x86_64-linux-gnu --host=x86_64-linux-gnu --target=x86_64-linux-gnu
Thread model: posix
gcc version 4.7.3 (Ubuntu/Linaro 4.7.3-1ubuntu1) 
configure:2668: $? = 0
configure:2657: gcc -V >&5
gcc: error: unrecognized command line option '-V'
gcc: fatal error: no input files
compilation terminated.
configure:2668: $? = 4
configure:2657: gcc -qversion >&5
gcc: error: unrecognized command line option '-qversion'
gcc: fatal error: no input files
compilation terminated.
configure:2668: $? = 4
configure:2688: checking whether the C compiler works
configure:2710: gcc    conftest.c  >&5
configure:2714: $? = 0
configure:2762: result: yes
configure:2765: checking for C compiler default output file name
configure:2767: result: a.out
configure:2773: checking for suffix of executables
configure:2780: gcc -o conftest    conftest.c  >&5
configure:2784: $? = 0
configure:2806: result: 
configure:2828: checking whether we are cross compiling
configure:2836: gcc -o conftest    conftest.c  >&5
configure:2840: $? = 0
configure:2847: ./conftest
configure:2851: $? = 0
configure:2866: result: no
configure:2871: checking for suffix of object files
configure:2893: gcc -c   conftest.c >&5
configure:2897: $? = 0
configure:2918: result: o
configure:2922: checking whether we are using the GNU C compiler
configure:2941: gcc -c   conftest.c >&5
configure:2941: $? = 0
configure:2950: result: yes
configure:2959: checking whether gcc accepts -g
configure:2979: gcc -c -g  conftest.c >&5
configure:2979: $? = 0
configure:3020: result: yes
configure:3037: checking for gcc option to accept ISO C89
configure:3101: gcc  -c   conftest.c >&5
configure:3101: $? = 0
configure:3114: result: none needed
configure:3177: checking for C compiler version
configure:3213: result: 4.7
configure:3218: checking if gcc accepts -pipe
configure:3302: gcc -o conftest  -pipe      conftest.c    >&5
configure:3302: $? = 0
configure:3338: result: -pipe
configure:3499: checking if gcc accepts -ffunction-sections -fdata-sections
configure:3583: gcc -o conftest  -ffunction-sections -fdata-sections      conftest.c    >&5
configure:3583: $? = 0
configure:3619: result: -ffunction-sections -fdata-sections
configure:3628: checking how to treat C warnings as errors
configure:3712: gcc -o conftest  -Werror      conftest.c    >&5
configure:3712: $? = 0
configure:3748: result: -Werror
configure:3759: checking if -ffunction-sections -fdata-sections isn't annoying
configure:3842: gcc -o conftest  -ffunction-sections -fdata-sections -g      conftest.c    >&5
configure:3842: $? = 0
configure:3875: result: yes
configure:4108: checking for g++
configure:4124: found /usr/bin/g++
configure:4135: result: g++
configure:4162: checking for C++ compiler version
configure:4171: g++ --version >&5
g++ (Ubuntu/Linaro 4.7.3-1ubuntu1) 4.7.3
Copyright (C) 2012 Free Software Foundation, Inc.
This is free software; see the source for copying conditions.  There is NO
warranty; not even for MERCHANTABILITY or FITNESS FOR A PARTICULAR PURPOSE.

configure:4182: $? = 0
configure:4171: g++ -v >&5
Using built-in specs.
COLLECT_GCC=g++
COLLECT_LTO_WRAPPER=/usr/lib/gcc/x86_64-linux-gnu/4.7/lto-wrapper
Target: x86_64-linux-gnu
Configured with: ../src/configure -v --with-pkgversion='Ubuntu/Linaro 4.7.3-1ubuntu1' --with-bugurl=file:///usr/share/doc/gcc-4.7/README.Bugs --enable-languages=c,c++,go,fortran,objc,obj-c++ --prefix=/usr --program-suffix=-4.7 --enable-shared --enable-linker-build-id --libexecdir=/usr/lib --without-included-gettext --enable-threads=posix --with-gxx-include-dir=/usr/include/c++/4.7 --libdir=/usr/lib --enable-nls --with-sysroot=/ --enable-clocale=gnu --enable-libstdcxx-debug --enable-libstdcxx-time=yes --enable-gnu-unique-object --enable-plugin --with-system-zlib --enable-objc-gc --with-cloog --enable-cloog-backend=ppl --disable-cloog-version-check --disable-ppl-version-check --enable-multiarch --disable-werror --with-arch-32=i686 --with-abi=m64 --with-multilib-list=m32,m64,mx32 --with-tune=generic --enable-checking=release --build=x86_64-linux-gnu --host=x86_64-linux-gnu --target=x86_64-linux-gnu
Thread model: posix
gcc version 4.7.3 (Ubuntu/Linaro 4.7.3-1ubuntu1) 
configure:4182: $? = 0
configure:4171: g++ -V >&5
g++: error: unrecognized command line option '-V'
g++: fatal error: no input files
compilation terminated.
configure:4182: $? = 4
configure:4171: g++ -qversion >&5
g++: error: unrecognized command line option '-qversion'
g++: fatal error: no input files
compilation terminated.
configure:4182: $? = 4
configure:4186: checking whether we are using the GNU C++ compiler
configure:4205: g++ -c   conftest.cpp >&5
configure:4205: $? = 0
configure:4214: result: yes
configure:4223: checking whether g++ accepts -g
configure:4243: g++ -c -g  conftest.cpp >&5
configure:4243: $? = 0
configure:4284: result: yes
configure:4342: checking for C++ compiler version
configure:4378: result: 4.7
configure:4385: checking how to treat C++ warnings as errors
configure:4469: g++ -o conftest  -Werror      conftest.cpp    >&5
configure:4469: $? = 0
configure:4505: result: -Werror
configure:4510: checking how to enable C++ PIC generation
configure:4594: g++ -o conftest  -fPIC -Werror     conftest.cpp    >&5
configure:4594: $? = 0
configure:4596: grep fPIC conftest.err >/dev/null 2>&1
configure:4599: $? = 1
configure:4639: result: -fPIC
configure:4710: checking for ld
configure:4726: found /usr/bin/ld
configure:4737: result: ld
configure:4766: checking if binutils version >= 2.17
configure:4884: result: yes (version 2.23.2)
configure:5171: checking if -shared is accepted
configure:5255: g++ -o conftest  -shared -fPIC      conftest.cpp    >&5
configure:5255: $? = 0
configure:5257: grep shared conftest.err >/dev/null 2>&1
configure:5260: $? = 1
configure:5300: result: -shared -fPIC
configure:5314: checking if -soname is accepted
configure:5397: g++ -o conftest  -Wl,-soname,foobar      conftest.cpp    >&5
configure:5397: $? = 0
configure:5430: result: yes
configure:5565: checking if response files are accepted
configure:5589: g++ -o conftest   -Wl,@conf7251.resp  conftest.cpp  >&5
configure:5589: $? = 0
configure:5604: result: yes
configure:5628: checking if --as-needed is supported
configure:5712: g++ -o conftest  -Wl,--as-needed      conftest.cpp    >&5
configure:5712: $? = 0
configure:5748: result: -Wl,--as-needed
configure:5759: checking if --no-as-needed is supported
configure:5843: g++ -o conftest  -Wl,--no-as-needed      conftest.cpp    >&5
configure:5843: $? = 0
configure:5879: result: -Wl,--no-as-needed
configure:5897: checking if --gc-sections is supported
configure:5981: g++ -o conftest  -Wl,--gc-sections      conftest.cpp    >&5
configure:5981: $? = 0
configure:6017: result: -Wl,--gc-sections
configure:6027: checking if --no-gc-sections is supported
configure:6111: g++ -o conftest  -Wl,--no-gc-sections      conftest.cpp    >&5
configure:6111: $? = 0
configure:6147: result: -Wl,--no-gc-sections
configure:6169: checking if --large-address-aware is supported
configure:6253: g++ -o conftest  -Wl,--large-address-aware      conftest.cpp    >&5
/usr/bin/ld: unrecognized option '--large-address-aware'
/usr/bin/ld: use the --help option for usage information
collect2: error: ld returned 1 exit status
configure:6253: $? = 1
configure: failed program was:
| /* confdefs.h */
| #define PACKAGE_NAME "CSEditing"
| #define PACKAGE_TARNAME "csediting"
| #define PACKAGE_VERSION "2.1"
| #define PACKAGE_STRING "CSEditing 2.1"
| #define PACKAGE_BUGREPORT "crystal-main@lists.sourceforge.net"
| #define PACKAGE_URL ""
| /* end confdefs.h.  */
| 
| int
| main ()
| {
| 
|   ;
|   return 0;
| }
configure:6289: result: no
configure:6349: checking for ranlib
configure:6365: found /usr/bin/ranlib
configure:6376: result: ranlib
configure:6460: checking for windres
configure:6490: result: no
configure:6528: checking for doxygen
configure:6544: found /usr/bin/doxygen
configure:6555: result: doxygen
configure:6628: checking for dot
configure:6658: result: no
configure:6696: checking for texi2dvi
configure:6726: result: no
configure:6751: checking for texi2pdf
configure:6781: result: no
configure:6806: checking for dvips
configure:6822: found /usr/bin/dvips
configure:6833: result: dvips
configure:6861: checking for dvipdf
configure:6877: found /usr/bin/dvipdf
configure:6888: result: dvipdf
configure:6916: checking for makeinfo
configure:6946: result: no
configure:6971: checking for install
configure:6987: found /usr/bin/install
configure:6998: result: install
configure:7074: checking for libtool
configure:7090: found /usr/bin/libtool
configure:7101: result: libtool
configure:7134: checking for libtool
configure:7152: found /usr/bin/libtool
configure:7164: result: /usr/bin/libtool
configure:7173: checking classification of /usr/bin/libtool
configure:7175: $LIBTOOL_PATH --version 1>&2
libtool (GNU libtool) 2.4.2
Written by Gordon Matzigkeit <gord@gnu.ai.mit.edu>, 1996

Copyright (C) 2011 Free Software Foundation, Inc.
This is free software; see the source for copying conditions.  There is NO
warranty; not even for MERCHANTABILITY or FITNESS FOR A PARTICULAR PURPOSE.
configure:7178: $? = 0
configure:7180: result: gnu
configure:7312: checking for libtool
configure:7330: found /usr/bin/libtool
configure:7342: result: /usr/bin/libtool
configure:7351: checking classification of /usr/bin/libtool
configure:7353: $CS_LT_APPLE --version 1>&2
libtool (GNU libtool) 2.4.2
Written by Gordon Matzigkeit <gord@gnu.ai.mit.edu>, 1996

Copyright (C) 2011 Free Software Foundation, Inc.
This is free software; see the source for copying conditions.  There is NO
warranty; not even for MERCHANTABILITY or FITNESS FOR A PARTICULAR PURPOSE.
configure:7356: $? = 0
configure:7358: result: gnu
configure:7382: checking how to create a directory
configure:7389: result: mkdir
configure:7394: checking how to create a directory tree
configure:7406: result: mkdir -p
configure:7522: checking for perl5
configure:7552: result: no
configure:7522: checking for perl
configure:7538: found /usr/bin/perl
configure:7549: result: perl
configure:7577: checking for perl5
configure:7604: result: perl
configure:7616: checking for TemplateToolkit
configure:7621: $PERL -M'Template 2.11' -MTemplate::Plugin -e 0 1>&2
Can't locate Template.pm in @INC (@INC contains: /etc/perl /usr/local/lib/perl/5.14.2 /usr/local/share/perl/5.14.2 /usr/lib/perl5 /usr/share/perl5 /usr/lib/perl/5.14 /usr/share/perl/5.14 /usr/local/lib/site_perl .).
BEGIN failed--compilation aborted.
configure:7624: $? = 2
configure:7631: result: no
configure:7643: checking for ttree
configure:7676: result: no
configure:7983: checking for pkg-config
configure:7999: found /usr/bin/pkg-config
configure:8010: result: pkg-config
configure:8048: checking if pkg-config recognizes cppunit
configure:8059: result: yes
configure:8067: pkg-config --cflags cppunit
configure:8070: 0 = 0
configure:8073: pkg-config --libs cppunit
configure:8076: 0 = 0
configure:8131: checking for cppunit-config
configure:8149: found /usr/bin/cppunit-config
configure:8161: result: /usr/bin/cppunit-config
configure:8197: /usr/bin/cppunit-config --cflags 
configure:8200: 0 = 0
configure:8203: /usr/bin/cppunit-config --libs 
configure:8206: 0 = 0
configure:8440: checking for libcppunit
configure:8520: g++ -o conftest        conftest.cpp -lcppunit   >&5
configure:8520: $? = 0
configure:8552: result: yes
configure:8581: checking if cppunit is sufficiently recent
configure:8664: g++ -o conftest        conftest.cpp  -lcppunit  >&5
configure:8664: $? = 0
configure:8697: result: yes
configure:9015: checking for cs-config-1.1
configure:9048: result: no
configure:9015: checking for cs-config-1.2
configure:9048: result: no
configure:9015: checking for cs-config-1.4
configure:9048: result: no
configure:9015: checking for cs-config-1.3
configure:9048: result: no
configure:9119: checking for cs-config
configure:9137: found /home/soumitra/CS_LATEST/cs-config
configure:9149: result: /home/soumitra/CS_LATEST/cs-config
configure:9178: checking if Crystal Space version >= 1.1
configure:9248: result: yes (version 2.1)
configure:9272: "/home/soumitra/CS_LATEST/cs-config" --cxxflags crystalspace
configure:9275: 0 = 0
configure:9277: "/home/soumitra/CS_LATEST/cs-config" --libs crystalspace
configure:9280: 0 = 0
configure:9282: "/home/soumitra/CS_LATEST/cs-config" --includedir crystalspace
configure:9285: 0 = 0
configure:9289: "/home/soumitra/CS_LATEST/cs-config" --prefix
configure:9292: 0 = 0
configure:9294: "/home/soumitra/CS_LATEST/cs-config" --exec-prefix
configure:9297: 0 = 0
configure:9299: "/home/soumitra/CS_LATEST/cs-config" --tools-prefix
configure:9302: 0 = 0
configure:9310: checking if Crystal Space SDK is usable
configure:9395: g++ -o conftest  -I/home/soumitra/CS_LATEST/include      conftest.cpp -L/home/soumitra/CS_LATEST/./out/linux/optimize/libs -lcrystalspace-2.1 -lz -lpthread -lc -lm -ldl -lnsl -L/usr/local/lib   >&5
configure:9395: $? = 0
configure:9428: result: yes
configure:9775: checking for cel-config-2.1
configure:9808: result: no
configure:9775: checking for cel-config-2.2
configure:9808: result: no
configure:9775: checking for cel-config-2.4
configure:9808: result: no
configure:9775: checking for cel-config-2.3
configure:9808: result: no
configure:9879: checking for cel-config
configure:9912: result: no
configure:10526: checking if pkg-config recognizes wx
configure:10537: result: no
configure:10609: checking for wx-config
configure:10627: found /usr/local/bin/wx-config
configure:10639: result: /usr/local/bin/wx-config
configure:10675: /usr/local/bin/wx-config --cflags 
configure:10678: 0 = 0
configure:10681: /usr/local/bin/wx-config --libs 
configure:10684: 0 = 0
configure:10925: checking for libwx
configure:11012: g++ -o conftest  -I/usr/local/lib/wx/include/gtk2-unicode-release-2.8 -I/usr/local/include/wx-2.8 -D_FILE_OFFSET_BITS=64 -D_LARGE_FILES -D__WXGTK__ -pthread      conftest.cpp -L/usr/local/lib -pthread -L/usr/lib/x86_64-linux-gnu -lwx_gtk2u_richtext-2.8 -lwx_gtk2u_aui-2.8 -lwx_gtk2u_xrc-2.8 -lwx_gtk2u_qa-2.8 -lwx_gtk2u_html-2.8 -lwx_gtk2u_adv-2.8 -lwx_gtk2u_core-2.8 -lwx_baseu_xml-2.8 -lwx_baseu_net-2.8 -lwx_baseu-2.8   >&5
configure:11012: $? = 0
configure:11044: result: yes
configure:11236: checking if wxWidgets is built with wxAUI support
configure:11329: g++ -o conftest  -I/usr/local/lib/wx/include/gtk2-unicode-release-2.8 -I/usr/local/include/wx-2.8 -D_FILE_OFFSET_BITS=64 -D_LARGE_FILES -D__WXGTK__ -pthread      conftest.cpp -L/usr/local/lib -pthread -L/usr/lib/x86_64-linux-gnu -lwx_gtk2u_richtext-2.8 -lwx_gtk2u_aui-2.8 -lwx_gtk2u_xrc-2.8 -lwx_gtk2u_qa-2.8 -lwx_gtk2u_html-2.8 -lwx_gtk2u_adv-2.8 -lwx_gtk2u_core-2.8 -lwx_baseu_xml-2.8 -lwx_baseu_net-2.8 -lwx_baseu-2.8   >&5
configure:11329: $? = 0
configure:11362: result: yes
configure:11541: checking how to run the C preprocessor
configure:11572: gcc -E  conftest.c
configure:11572: $? = 0
configure:11586: gcc -E  conftest.c
conftest.c:12:28: fatal error: ac_nonexistent.h: No such file or directory
compilation terminated.
configure:11586: $? = 1
configure: failed program was:
| /* confdefs.h */
| #define PACKAGE_NAME "CSEditing"
| #define PACKAGE_TARNAME "csediting"
| #define PACKAGE_VERSION "2.1"
| #define PACKAGE_STRING "CSEditing 2.1"
| #define PACKAGE_BUGREPORT "crystal-main@lists.sourceforge.net"
| #define PACKAGE_URL ""
| #define CS_PLATFORM_UNIX /**/
| #define USE_CEL /**/
| #define CEL_PLUGIN_DIR ""
| /* end confdefs.h.  */
| #include <ac_nonexistent.h>
configure:11611: result: gcc -E
configure:11631: gcc -E  conftest.c
configure:11631: $? = 0
configure:11645: gcc -E  conftest.c
conftest.c:12:28: fatal error: ac_nonexistent.h: No such file or directory
compilation terminated.
configure:11645: $? = 1
configure: failed program was:
| /* confdefs.h */
| #define PACKAGE_NAME "CSEditing"
| #define PACKAGE_TARNAME "csediting"
| #define PACKAGE_VERSION "2.1"
| #define PACKAGE_STRING "CSEditing 2.1"
| #define PACKAGE_BUGREPORT "crystal-main@lists.sourceforge.net"
| #define PACKAGE_URL ""
| #define CS_PLATFORM_UNIX /**/
| #define USE_CEL /**/
| #define CEL_PLUGIN_DIR ""
| /* end confdefs.h.  */
| #include <ac_nonexistent.h>
configure:11674: checking for grep that handles long lines and -e
configure:11732: result: /bin/grep
configure:11737: checking for egrep
configure:11799: result: /bin/grep -E
configure:11804: checking for ANSI C header files
configure:11824: gcc -c   conftest.c >&5
configure:11824: $? = 0
configure:11897: gcc -o conftest    conftest.c  >&5
configure:11897: $? = 0
configure:11897: ./conftest
configure:11897: $? = 0
configure:11908: result: yes
configure:11921: checking for sys/types.h
configure:11921: gcc -c   conftest.c >&5
configure:11921: $? = 0
configure:11921: result: yes
configure:11921: checking for sys/stat.h
configure:11921: gcc -c   conftest.c >&5
configure:11921: $? = 0
configure:11921: result: yes
configure:11921: checking for stdlib.h
configure:11921: gcc -c   conftest.c >&5
configure:11921: $? = 0
configure:11921: result: yes
configure:11921: checking for string.h
configure:11921: gcc -c   conftest.c >&5
configure:11921: $? = 0
configure:11921: result: yes
configure:11921: checking for memory.h
configure:11921: gcc -c   conftest.c >&5
configure:11921: $? = 0
configure:11921: result: yes
configure:11921: checking for strings.h
configure:11921: gcc -c   conftest.c >&5
configure:11921: $? = 0
configure:11921: result: yes
configure:11921: checking for inttypes.h
configure:11921: gcc -c   conftest.c >&5
configure:11921: $? = 0
configure:11921: result: yes
configure:11921: checking for stdint.h
configure:11921: gcc -c   conftest.c >&5
configure:11921: $? = 0
configure:11921: result: yes
configure:11921: checking for unistd.h
configure:11921: gcc -c   conftest.c >&5
configure:11921: $? = 0
configure:11921: result: yes
configure:11937: checking elf.h usability
configure:11937: gcc -c   conftest.c >&5
configure:11937: $? = 0
configure:11937: result: yes
configure:11937: checking elf.h presence
configure:11937: gcc -E  conftest.c
configure:11937: $? = 0
configure:11937: result: yes
configure:11937: checking for elf.h
configure:11937: result: yes
configure:11949: checking whether to embed plugin meta-information
configure:11966: result: yes
configure:12030: checking for windres
configure:12060: result: no
configure:12143: checking for objcopy
configure:12159: found /usr/bin/objcopy
configure:12170: result: objcopy
configure:13236: checking build mode
configure:13243: result: optimize
configure:13441: creating ./config.status

## ---------------------- ##
## Running config.status. ##
## ---------------------- ##

This file was extended by CSEditing config.status 2.1, which was
generated by GNU Autoconf 2.68.  Invocation command line was

  CONFIG_FILES    = 
  CONFIG_HEADERS  = 
  CONFIG_LINKS    = 
  CONFIG_COMMANDS = 
  $ ./config.status 

on Soumitra-PC

config.status:951: creating Jamfile
config.status:951: creating config.h
config.status:1168: executing Jamconfig commands
configure:14689:

Please note that this project uses Jam as its build tool,
therefore you must type 'jam' to build the project.

Jam home: http://www.perforce.com/jam/jam.html
Jam source: ftp://ftp.perforce.com/jam/


## ---------------- ##
## Cache variables. ##
## ---------------- ##

ac_cv_build=x86_64-unknown-linux-gnu
ac_cv_c_compiler_gnu=yes
ac_cv_cxx_compiler_gnu=yes
ac_cv_env_CCC_set=
ac_cv_env_CCC_value=
ac_cv_env_CC_set=
ac_cv_env_CC_value=
ac_cv_env_CEL_set=
ac_cv_env_CEL_value=
ac_cv_env_CFLAGS_set=
ac_cv_env_CFLAGS_value=
ac_cv_env_CPPFLAGS_set=
ac_cv_env_CPPFLAGS_value=
ac_cv_env_CPP_set=
ac_cv_env_CPP_value=
ac_cv_env_CRYSTAL_set=set
ac_cv_env_CRYSTAL_value=/home/soumitra/CS_LATEST
ac_cv_env_CXXFLAGS_set=
ac_cv_env_CXXFLAGS_value=
ac_cv_env_CXX_set=
ac_cv_env_CXX_value=
ac_cv_env_LDFLAGS_set=
ac_cv_env_LDFLAGS_value=
ac_cv_env_LIBS_set=
ac_cv_env_LIBS_value=
ac_cv_env_build_alias_set=
ac_cv_env_build_alias_value=
ac_cv_env_host_alias_set=
ac_cv_env_host_alias_value=
ac_cv_env_target_alias_set=
ac_cv_env_target_alias_value=
ac_cv_header_elf_h=yes
ac_cv_header_inttypes_h=yes
ac_cv_header_memory_h=yes
ac_cv_header_stdc=yes
ac_cv_header_stdint_h=yes
ac_cv_header_stdlib_h=yes
ac_cv_header_string_h=yes
ac_cv_header_strings_h=yes
ac_cv_header_sys_stat_h=yes
ac_cv_header_sys_types_h=yes
ac_cv_header_unistd_h=yes
ac_cv_host=x86_64-unknown-linux-gnu
ac_cv_objext=o
ac_cv_path_CS_LT_APPLE=/usr/bin/libtool
ac_cv_path_EGREP='/bin/grep -E'
ac_cv_path_GREP=/bin/grep
ac_cv_path_LIBTOOL_PATH=/usr/bin/libtool
ac_cv_path_ac_pt_CONFIG_CPPUNIT=/usr/bin/cppunit-config
ac_cv_path_ac_pt_CONFIG_WX=/usr/local/bin/wx-config
ac_cv_path_ac_pt_CRYSTAL_CONFIG_TOOL=/home/soumitra/CS_LATEST/cs-config
ac_cv_prog_CPP='gcc -E'
ac_cv_prog_DOXYGEN=doxygen
ac_cv_prog_DVIPDF=dvipdf
ac_cv_prog_DVIPS=dvips
ac_cv_prog_INSTALL=install
ac_cv_prog_PERL=perl
ac_cv_prog_ac_ct_CC=gcc
ac_cv_prog_ac_ct_CXX=g++
ac_cv_prog_ac_ct_LD=ld
ac_cv_prog_ac_ct_LIBTOOL_TEST=libtool
ac_cv_prog_ac_ct_OBJCOPY=objcopy
ac_cv_prog_ac_ct_PKG_CONFIG=pkg-config
ac_cv_prog_ac_ct_RANLIB=ranlib
ac_cv_prog_cc_c89=
ac_cv_prog_cc_g=yes
ac_cv_prog_cxx_g=yes
cs_cv_binutils_2_17=yes
cs_cv_binutils_true_2_17=yes
cs_cv_crystal_sdk=yes
cs_cv_crystal_sdk_cflags=-I/home/soumitra/CS_LATEST/include
cs_cv_crystal_sdk_lflags=
cs_cv_crystal_sdk_libs='-L/home/soumitra/CS_LATEST/./out/linux/optimize/libs -lcrystalspace-2.1 -lz -lpthread -lc -lm -ldl -lnsl -L/usr/local/lib'
cs_cv_libcppunit=yes
cs_cv_libcppunit_cflags=
cs_cv_libcppunit_lflags=
cs_cv_libcppunit_libs=-lcppunit
cs_cv_libcppunit_recent=yes
cs_cv_libcppunit_recent_cflags=
cs_cv_libcppunit_recent_lflags=
cs_cv_libcppunit_recent_libs=-lcppunit
cs_cv_libwx=yes
cs_cv_libwx_aui=yes
cs_cv_libwx_aui_cflags='-I/usr/local/lib/wx/include/gtk2-unicode-release-2.8 -I/usr/local/include/wx-2.8 -D_FILE_OFFSET_BITS=64 -D_LARGE_FILES -D__WXGTK__ -pthread'
cs_cv_libwx_aui_lflags=
cs_cv_libwx_aui_libs='-L/usr/local/lib -pthread -L/usr/lib/x86_64-linux-gnu -lwx_gtk2u_richtext-2.8 -lwx_gtk2u_aui-2.8 -lwx_gtk2u_xrc-2.8 -lwx_gtk2u_qa-2.8 -lwx_gtk2u_html-2.8 -lwx_gtk2u_adv-2.8 -lwx_gtk2u_core-2.8 -lwx_baseu_xml-2.8 -lwx_baseu_net-2.8 -lwx_baseu-2.8'
cs_cv_libwx_cflags='-I/usr/local/lib/wx/include/gtk2-unicode-release-2.8 -I/usr/local/include/wx-2.8 -D_FILE_OFFSET_BITS=64 -D_LARGE_FILES -D__WXGTK__ -pthread'
cs_cv_libwx_lflags=
cs_cv_libwx_libs='-L/usr/local/lib -pthread -L/usr/lib/x86_64-linux-gnu -lwx_gtk2u_richtext-2.8 -lwx_gtk2u_aui-2.8 -lwx_gtk2u_xrc-2.8 -lwx_gtk2u_qa-2.8 -lwx_gtk2u_html-2.8 -lwx_gtk2u_adv-2.8 -lwx_gtk2u_core-2.8 -lwx_baseu_xml-2.8 -lwx_baseu_net-2.8 -lwx_baseu-2.8'
cs_cv_perl_tt2=no
cs_cv_prog_Crystal_Space_is_version=2.1
cs_cv_prog_Crystal_Space_version_1_1_ok=yes
cs_cv_prog_Crystal_Space_version_1_1_ok_annotated='yes (version 2.1)'
cs_cv_prog_binutils_is_version=2.23.2
cs_cv_prog_binutils_version_2_17_ok=yes
cs_cv_prog_binutils_version_2_17_ok_annotated='yes (version 2.23.2)'
cs_cv_prog_c_enable_errors=-Werror
cs_cv_prog_c_enable_errors_ok=-Werror
cs_cv_prog_cc_individual_sections='-ffunction-sections -fdata-sections'
cs_cv_prog_cc_individual_sections_annoy=yes
cs_cv_prog_cc_individual_sections_annoy_cflags='-ffunction-sections -fdata-sections -g'
cs_cv_prog_cc_individual_sections_annoy_lflags=
cs_cv_prog_cc_individual_sections_annoy_libs=
cs_cv_prog_cc_individual_sections_ok='-ffunction-sections -fdata-sections'
cs_cv_prog_cc_pipe=-pipe
cs_cv_prog_cc_pipe_ok=-pipe
cs_cv_prog_config_cppunit_flags=@@@-lcppunit#-ldl
cs_cv_prog_config_cppunit_ok=yes
cs_cv_prog_config_wx_flags=@-I/usr/local/lib/wx/include/gtk2-unicode-release-2.8#-I/usr/local/include/wx-2.8#-D_FILE_OFFSET_BITS=64#-D_LARGE_FILES#-D__WXGTK__#-pthread@@-L/usr/local/lib#-pthread#-L/usr/lib/x86_64-linux-gnu#-lwx_gtk2u_richtext-2.8#-lwx_gtk2u_aui-2.8#-lwx_gtk2u_xrc-2.8#-lwx_gtk2u_qa-2.8#-lwx_gtk2u_html-2.8#-lwx_gtk2u_adv-2.8#-lwx_gtk2u_core-2.8#-lwx_baseu_xml-2.8#-lwx_baseu_net-2.8#-lwx_baseu-2.8
cs_cv_prog_config_wx_ok=yes
cs_cv_prog_cxx_pic=-fPIC
cs_cv_prog_cxx_pic_ok=-fPIC
cs_cv_prog_cxx_pic_werror=-Werror
cs_cv_prog_cxx_pic_werror_ok=-Werror
cs_cv_prog_link_as_needed=-Wl,--as-needed
cs_cv_prog_link_as_needed_ok=-Wl,--as-needed
cs_cv_prog_link_gc_sections=-Wl,--gc-sections
cs_cv_prog_link_gc_sections_ok=-Wl,--gc-sections
cs_cv_prog_link_large_address_aware=
cs_cv_prog_link_large_address_aware_ok=no
cs_cv_prog_link_no_as_needed=-Wl,--no-as-needed
cs_cv_prog_link_no_as_needed_ok=-Wl,--no-as-needed
cs_cv_prog_link_no_gc_sections=-Wl,--no-gc-sections
cs_cv_prog_link_no_gc_sections_ok=-Wl,--no-gc-sections
cs_cv_prog_link_respfile=yes
cs_cv_prog_link_shared='-shared -fPIC'
cs_cv_prog_link_shared_ok='-shared -fPIC'
cs_cv_prog_link_soname=yes
cs_cv_prog_link_soname_cflags=-Wl,-soname,foobar
cs_cv_prog_link_soname_lflags=
cs_cv_prog_link_soname_libs=
cs_cv_prog_pkg_config_cppunit=yes
cs_cv_prog_pkg_config_cppunit_flags=@@@-lcppunit
cs_cv_prog_pkg_config_ok=yes
cs_cv_prog_pkg_config_wx=no
cs_cv_shell_mkdir=mkdir
cs_cv_shell_mkdir_p='mkdir -p'
cs_cv_with_cppunit=yes
cs_cv_with_wx=yes

## ----------------- ##
## Output variables. ##
## ----------------- ##

APPLE_LIBTOOL=''
CC='gcc'
CEL=''
CEL_CONFIG_TOOL=''
CFLAGS=''
CONFIG_BFD=''
CONFIG_CPPUNIT='/usr/bin/cppunit-config'
CONFIG_WX='/usr/local/bin/wx-config'
CPP='gcc -E'
CPPFLAGS=''
CRYSTAL='/home/soumitra/CS_LATEST'
CRYSTAL_CONFIG_TOOL='/home/soumitra/CS_LATEST/cs-config'
CRYSTAL_TOOLS_PREFIX='/home/soumitra/CS_LATEST'
CS_LT_APPLE='/usr/bin/libtool'
CS_TOP_BUILDDIR='.'
CS_TOP_SRCDIR='/home/soumitra/terrainedit'
CXX='g++'
CXXFLAGS=''
DEFS='-DHAVE_CONFIG_H'
DOT=''
DOXYGEN='doxygen'
DVIPDF='dvipdf'
DVIPS='dvips'
ECHO_C=''
ECHO_N='-n'
ECHO_T=''
EGREP='/bin/grep -E'
EXEEXT=''
GREP='/bin/grep'
INSTALL='install'
LD='ld'
LDFLAGS=''
LIBOBJS=''
LIBS=''
LIBTOOL='/usr/bin/libtool'
LIBTOOL_PATH='/usr/bin/libtool'
LIBTOOL_TEST='libtool'
LTLIBOBJS=''
MAKEINFO=''
MKDIR='mkdir'
MKDIRS='mkdir -p'
OBJCOPY='objcopy'
OBJEXT='o'
PACKAGE_BUGREPORT='crystal-main@lists.sourceforge.net'
PACKAGE_NAME='CSEditing'
PACKAGE_STRING='CSEditing 2.1'
PACKAGE_TARNAME='csediting'
PACKAGE_URL=''
PACKAGE_VERSION='2.1'
PATH_SEPARATOR=':'
PERL='perl'
PKG_CONFIG='pkg-config'
RANLIB='ranlib'
SHELL='/bin/bash'
TEXI2DVI=''
TEXI2PDF=''
TTREE=''
WINDRES=''
ac_ct_CC='gcc'
ac_ct_CXX='g++'
ac_ct_DOT=''
ac_ct_LD='ld'
ac_ct_LIBTOOL=''
ac_ct_LIBTOOL_TEST='libtool'
ac_ct_OBJCOPY='objcopy'
ac_ct_PKG_CONFIG='pkg-config'
ac_ct_WINDRES=''
bindir='${exec_prefix}/bin'
build='x86_64-unknown-linux-gnu'
build_alias=''
build_cpu='x86_64'
build_os='linux-gnu'
build_vendor='unknown'
datadir='${datarootdir}'
datarootdir='${prefix}/share'
docdir='${datarootdir}/doc/${PACKAGE_TARNAME}'
dvidir='${docdir}'
exec_prefix='${prefix}'
host='x86_64-unknown-linux-gnu'
host_alias=''
host_cpu='x86_64'
host_os='linux-gnu'
host_vendor='unknown'
htmldir='${docdir}'
includedir='${prefix}/include'
infodir='${datarootdir}/info'
libdir='${exec_prefix}/lib'
libexecdir='${exec_prefix}/libexec'
localedir='${datarootdir}/locale'
localstatedir='${prefix}/var'
mandir='${datarootdir}/man'
oldincludedir='/usr/include'
pdfdir='${docdir}'
prefix='/usr/local'
program_transform_name='s,x,x,'
psdir='${docdir}'
sbindir='${exec_prefix}/sbin'
sharedstatedir='${prefix}/com'
sysconfdir='${prefix}/etc'
target_alias=''

## ----------- ##
## confdefs.h. ##
## ----------- ##

/* confdefs.h */
#define PACKAGE_NAME "CSEditing"
#define PACKAGE_TARNAME "csediting"
#define PACKAGE_VERSION "2.1"
#define PACKAGE_STRING "CSEditing 2.1"
#define PACKAGE_BUGREPORT "crystal-main@lists.sourceforge.net"
#define PACKAGE_URL ""
#define CS_PLATFORM_UNIX /**/
#define USE_CEL /**/
#define CEL_PLUGIN_DIR ""
#define STDC_HEADERS 1
#define HAVE_SYS_TYPES_H 1
#define HAVE_SYS_STAT_H 1
#define HAVE_STDLIB_H 1
#define HAVE_STRING_H 1
#define HAVE_MEMORY_H 1
#define HAVE_STRINGS_H 1
#define HAVE_INTTYPES_H 1
#define HAVE_STDINT_H 1
#define HAVE_UNISTD_H 1
#define HAVE_ELF_H 1

configure: exit 0
